<?xml version="1.0" encoding="UTF-8"?>
<!-- Generated by org.testng.reporters.JUnitXMLReporter -->
<testsuite ignored="0" hostname="DESKTOP-OJM2Q3F" failures="0" tests="5" name="Default test" time="13.075" errors="0" timestamp="2024-09-26T09:38:43 IST">
  <testcase classname="com.qa.opencart.tests.LoginPageTest" name="forgotPwdLinkExistTest" time="0.381"/>
  <testcase classname="com.qa.opencart.tests.LoginPageTest" name="loginPageTitleTest" time="0.05"/>
  <testcase classname="com.qa.opencart.tests.LoginPageTest" name="loginPageURLTest" time="0.251"/>
  <testcase classname="com.qa.opencart.tests.LoginPageTest" name="logoExistTest" time="0.177"/>
  <testcase classname="com.qa.opencart.tests.LoginPageTest" name="loginTest" time="2.434"/>
</testsuite> <!-- Default test -->
